<?xml version="1.0" encoding="UTF-8"?>
<!-- Generated by org.testng.reporters.JUnitReportReporter -->
<testsuite hostname="LAPTOP-5M6A98T7" name="dateFormatConcepts.CurrentDay_Demo" tests="1" failures="0" timestamp="24 Sep 2019 16:59:56 GMT" time="9.556" errors="0">
  <testcase name="currentDateTest" time="9.556" classname="dateFormatConcepts.CurrentDay_Demo"/>
</testsuite> <!-- dateFormatConcepts.CurrentDay_Demo -->
