<?xml version="1.0" encoding="UTF-8"?>
<!-- Generated by org.testng.reporters.JUnitReportReporter -->
<testsuite hostname="LAPTOP-5M6A98T7" name="demo.Test1" tests="1" failures="0" timestamp="3 Sep 2019 09:04:29 GMT" time="11.447" errors="0">
  <testcase name="startBrowser" time="11.447" classname="demo.Test1"/>
</testsuite> <!-- demo.Test1 -->
