<?xml version="1.0" encoding="UTF-8"?>
<!-- Generated by org.testng.reporters.JUnitReportReporter -->
<testsuite hostname="LAPTOP-5M6A98T7" name="basics.Sikuli_Demo" tests="1" failures="0" timestamp="23 Sep 2019 02:50:21 GMT" time="2.617" errors="0">
  <testcase name="test" time="2.617" classname="basics.Sikuli_Demo"/>
</testsuite> <!-- basics.Sikuli_Demo -->
