<?xml version="1.0" encoding="UTF-8"?>
<!-- Generated by org.testng.reporters.JUnitReportReporter -->
<testsuite hostname="LAPTOP-5M6A98T7" name="basics.Sikuli_Demo1" tests="1" failures="0" timestamp="24 Sep 2019 16:20:23 GMT" time="8.651" errors="1">
  <testcase name="test" time="8.651" classname="basics.Sikuli_Demo1">
    <error type="org.sikuli.script.FindFailed" message="C:/Users/Lenovo/git/CRMApplication/org.CRMFrameWork/SikuliFolder/Capture.PNG: (125x145) in S(0)[0,0 1920x1080] E:Y, T:3.0">
      <![CDATA[FindFailed: C:/Users/Lenovo/git/CRMApplication/org.CRMFrameWork/SikuliFolder/Capture.PNG: (125x145) in S(0)[0,0 1920x1080] E:Y, T:3.0
  Line 2761, in file Region.java

	at org.sikuli.script.Region.wait(Region.java:2761)
	at org.sikuli.script.Region.find(Region.java:2326)
	at org.sikuli.script.Region.getLocationFromTarget(Region.java:3220)
	at org.sikuli.script.Region.doubleClick(Region.java:3767)
	at org.sikuli.script.Region.doubleClick(Region.java:3752)
	at basics.Sikuli_Demo1.test(Sikuli_Demo1.java:35)
	at sun.reflect.NativeMethodAccessorImpl.invoke0(Native Method)
	at sun.reflect.NativeMethodAccessorImpl.invoke(NativeMethodAccessorImpl.java:62)
	at sun.reflect.DelegatingMethodAccessorImpl.invoke(DelegatingMethodAccessorImpl.java:43)
	at java.lang.reflect.Method.invoke(Method.java:498)
	at org.testng.internal.MethodInvocationHelper.invokeMethod(MethodInvocationHelper.java:86)
	at org.testng.internal.Invoker.invokeMethod(Invoker.java:643)
	at org.testng.internal.Invoker.invokeTestMethod(Invoker.java:820)
	at org.testng.internal.Invoker.invokeTestMethods(Invoker.java:1128)
	at org.testng.internal.TestMethodWorker.invokeTestMethods(TestMethodWorker.java:129)
	at org.testng.internal.TestMethodWorker.run(TestMethodWorker.java:112)
	at org.testng.TestRunner.privateRun(TestRunner.java:782)
	at org.testng.TestRunner.run(TestRunner.java:632)
	at org.testng.SuiteRunner.runTest(SuiteRunner.java:366)
	at org.testng.SuiteRunner.runSequentially(SuiteRunner.java:361)
	at org.testng.SuiteRunner.privateRun(SuiteRunner.java:319)
	at org.testng.SuiteRunner.run(SuiteRunner.java:268)
	at org.testng.SuiteRunnerWorker.runSuite(SuiteRunnerWorker.java:52)
	at org.testng.SuiteRunnerWorker.run(SuiteRunnerWorker.java:86)
	at org.testng.TestNG.runSuitesSequentially(TestNG.java:1244)
	at org.testng.TestNG.runSuitesLocally(TestNG.java:1169)
	at org.testng.TestNG.run(TestNG.java:1064)
	at org.testng.remote.AbstractRemoteTestNG.run(AbstractRemoteTestNG.java:114)
	at org.testng.remote.RemoteTestNG.initAndRun(RemoteTestNG.java:251)
	at org.testng.remote.RemoteTestNG.main(RemoteTestNG.java:77)
]]>
    </error>
  </testcase> <!-- test -->
</testsuite> <!-- basics.Sikuli_Demo1 -->
