<?xml version="1.0" encoding="UTF-8"?>
<!-- Generated by org.testng.reporters.JUnitReportReporter -->
<testsuite hostname="LAPTOP-5M6A98T7" name="testCases.DateFormat_Demo" tests="1" failures="0" timestamp="17 Sep 2019 17:04:29 GMT" time="0.072" errors="0">
  <testcase name="test" time="0.072" classname="testCases.DateFormat_Demo"/>
</testsuite> <!-- testCases.DateFormat_Demo -->
