<?xml version="1.0" encoding="UTF-8"?>
<!-- Generated by org.testng.reporters.JUnitReportReporter -->
<testsuite hostname="LAPTOP-5M6A98T7" name="testCases.TestCase1" tests="1" failures="0" timestamp="11 Sep 2019 08:29:40 GMT" time="57.538" errors="0">
  <testcase name="endToEndApplication" time="57.538" classname="testCases.TestCase1"/>
</testsuite> <!-- testCases.TestCase1 -->
