<?xml version="1.0" encoding="UTF-8"?>
<!-- Generated by org.testng.reporters.JUnitReportReporter -->
<testsuite hostname="LAPTOP-5M6A98T7" name="dateFormatConcepts.AddingDateToCurrentDate" tests="1" failures="0" timestamp="24 Sep 2019 17:53:33 GMT" time="0.020" errors="0">
  <testcase name="currentdateTest" time="0.020" classname="dateFormatConcepts.AddingDateToCurrentDate"/>
</testsuite> <!-- dateFormatConcepts.AddingDateToCurrentDate -->
