<?xml version="1.0" encoding="UTF-8"?>
<!-- Generated by org.testng.reporters.JUnitReportReporter -->
<testsuite hostname="LAPTOP-5M6A98T7" name="basics.Sikuli_Demo1" tests="1" failures="0" timestamp="23 Sep 2019 02:54:07 GMT" time="2.847" errors="0">
  <testcase name="test" time="2.847" classname="basics.Sikuli_Demo1"/>
</testsuite> <!-- basics.Sikuli_Demo1 -->
