<?xml version="1.0" encoding="UTF-8"?>
<!-- Generated by org.testng.reporters.JUnitReportReporter -->
<testsuite hostname="LAPTOP-5M6A98T7" name="demo.MouseHoverDemo" tests="1" failures="0" timestamp="8 Sep 2019 20:37:43 GMT" time="2.313" errors="0">
  <testcase name="verifyLoginPage" time="2.313" classname="demo.MouseHoverDemo"/>
</testsuite> <!-- demo.MouseHoverDemo -->
