<?xml version="1.0" encoding="UTF-8"?>
<!-- Generated by org.testng.reporters.JUnitReportReporter -->
<testsuite hostname="LAPTOP-5M6A98T7" name="testCases.TestCase1" tests="1" failures="0" timestamp="7 Sep 2019 18:44:05 GMT" time="37.450" errors="0">
  <testcase name="endToEndApplication" time="37.450" classname="testCases.TestCase1"/>
</testsuite> <!-- testCases.TestCase1 -->
