<?xml version="1.0" encoding="UTF-8"?>
<!-- Generated by org.testng.reporters.JUnitReportReporter -->
<testsuite hostname="LAPTOP-5M6A98T7" name="dateFormatConcepts.Convert_UTC_time_zone" tests="1" failures="0" timestamp="22 Sep 2019 14:33:07 GMT" time="0.018" errors="0">
  <testcase name="test" time="0.018" classname="dateFormatConcepts.Convert_UTC_time_zone"/>
</testsuite> <!-- dateFormatConcepts.Convert_UTC_time_zone -->
