<?xml version="1.0" encoding="UTF-8"?>
<!-- Generated by org.testng.reporters.JUnitReportReporter -->
<testsuite hostname="LAPTOP-5M6A98T7" name="dateFormatConcepts.TimeZoneSample" tests="1" failures="0" timestamp="22 Sep 2019 14:23:54 GMT" time="0.014" errors="0">
  <testcase name="test" time="0.014" classname="dateFormatConcepts.TimeZoneSample"/>
</testsuite> <!-- dateFormatConcepts.TimeZoneSample -->
