<?xml version="1.0" encoding="UTF-8"?>
<!-- Generated by org.testng.reporters.JUnitReportReporter -->
<testsuite hostname="LAPTOP-5M6A98T7" name="dateFormatConcepts.Date_Demo1" tests="1" failures="0" timestamp="22 Sep 2019 14:02:16 GMT" time="0.079" errors="0">
  <testcase name="test" time="0.079" classname="dateFormatConcepts.Date_Demo1"/>
</testsuite> <!-- dateFormatConcepts.Date_Demo1 -->
